<?xml version="1.0" encoding="UTF-8"?>
<robot generator="Robot 7.4.2 (Python 3.14.6 on win32)" generated="2026-07-28T11:21:05.698948" rpa="false" schemaversion="5">
<suite id="s1" name="Form Test" source="C:\Users\hp\Desktop\RobotProject\form_test.robot">
<test id="s1-t1" name="Fill DemoQA Form" line="5">
<kw name="Open Browser" owner="SeleniumLibrary">
<msg time="2026-07-28T11:21:06.120809" level="INFO">Opening browser 'chrome' to base url 'https://demoqa.com/text-box'.</msg>
<arg>https://demoqa.com/text-box</arg>
<arg>chrome</arg>
<doc>Opens a new browser instance to the optional ``url``.</doc>
<status status="PASS" start="2026-07-28T11:21:06.120582" elapsed="11.762656"/>
</kw>
<kw name="Maximize Browser Window" owner="SeleniumLibrary">
<doc>Maximizes current browser window.</doc>
<status status="PASS" start="2026-07-28T11:21:17.884711" elapsed="0.052354"/>
</kw>
<kw name="Input Text" owner="SeleniumLibrary">
<msg time="2026-07-28T11:21:17.938611" level="INFO">Typing text 'Nouman' into text field 'id:userName'.</msg>
<arg>id:userName</arg>
<arg>Nouman</arg>
<doc>Types the given ``text`` into the text field identified by ``locator``.</doc>
<status status="PASS" start="2026-07-28T11:21:17.937762" elapsed="0.203746"/>
</kw>
<kw name="Input Text" owner="SeleniumLibrary">
<msg time="2026-07-28T11:21:18.142920" level="INFO">Typing text 'nouman@test.com' into text field 'id:userEmail'.</msg>
<arg>id:userEmail</arg>
<arg>nouman@test.com</arg>
<doc>Types the given ``text`` into the text field identified by ``locator``.</doc>
<status status="PASS" start="2026-07-28T11:21:18.142273" elapsed="0.152736"/>
</kw>
<kw name="Input Text" owner="SeleniumLibrary">
<msg time="2026-07-28T11:21:18.296261" level="INFO">Typing text 'Lahore' into text field 'id:currentAddress'.</msg>
<arg>id:currentAddress</arg>
<arg>Lahore</arg>
<doc>Types the given ``text`` into the text field identified by ``locator``.</doc>
<status status="PASS" start="2026-07-28T11:21:18.295662" elapsed="0.141000"/>
</kw>
<kw name="Input Text" owner="SeleniumLibrary">
<msg time="2026-07-28T11:21:18.438998" level="INFO">Typing text 'Pakistan' into text field 'id:permanentAddress'.</msg>
<arg>id:permanentAddress</arg>
<arg>Pakistan</arg>
<doc>Types the given ``text`` into the text field identified by ``locator``.</doc>
<status status="PASS" start="2026-07-28T11:21:18.438027" elapsed="0.198273"/>
</kw>
<kw name="Execute Javascript" owner="SeleniumLibrary">
<msg time="2026-07-28T11:21:18.637831" level="INFO">Executing JavaScript:
window.scrollTo(0, document.body.scrollHeight)
Without any arguments.</msg>
<arg>window.scrollTo(0, document.body.scrollHeight)</arg>
<doc>Executes the given JavaScript code with possible arguments.</doc>
<status status="PASS" start="2026-07-28T11:21:18.637182" elapsed="0.008627"/>
</kw>
<kw name="Sleep" owner="BuiltIn">
<msg time="2026-07-28T11:21:20.669863" level="INFO">Slept 2 seconds.</msg>
<arg>2s</arg>
<doc>Pauses the test executed for the given time.</doc>
<status status="PASS" start="2026-07-28T11:21:18.646737" elapsed="2.023503"/>
</kw>
<kw name="Execute Javascript" owner="SeleniumLibrary">
<msg time="2026-07-28T11:21:20.671781" level="INFO">Executing JavaScript:
document.getElementById('submit').click()
Without any arguments.</msg>
<arg>document.getElementById('submit').click()</arg>
<doc>Executes the given JavaScript code with possible arguments.</doc>
<status status="PASS" start="2026-07-28T11:21:20.671271" elapsed="0.035938"/>
</kw>
<kw name="Page Should Contain" owner="SeleniumLibrary">
<msg time="2026-07-28T11:21:20.738213" level="INFO">Current page contains text 'Nouman'.</msg>
<arg>Nouman</arg>
<doc>Verifies that current page contains ``text``.</doc>
<status status="PASS" start="2026-07-28T11:21:20.708647" elapsed="0.029796"/>
</kw>
<kw name="Sleep" owner="BuiltIn">
<msg time="2026-07-28T11:21:25.740920" level="INFO">Slept 5 seconds.</msg>
<arg>5s</arg>
<doc>Pauses the test executed for the given time.</doc>
<status status="PASS" start="2026-07-28T11:21:20.739377" elapsed="5.001903"/>
</kw>
<kw name="Close Browser" owner="SeleniumLibrary">
<doc>Closes the current browser.</doc>
<status status="PASS" start="2026-07-28T11:21:25.742337" elapsed="2.306391"/>
</kw>
<status status="PASS" start="2026-07-28T11:21:06.119726" elapsed="21.929496"/>
</test>
<status status="PASS" start="2026-07-28T11:21:05.700609" elapsed="22.349949"/>
</suite>
<statistics>
<total>
<stat pass="1" fail="0" skip="0">All Tests</stat>
</total>
<tag>
</tag>
<suite>
<stat name="Form Test" id="s1" pass="1" fail="0" skip="0">Form Test</stat>
</suite>
</statistics>
<errors>
</errors>
</robot>
